# JRE version: OpenJDK Runtime Environment (8.0_112-b06) (build 1.8.0_112-release-b06)
# Java VM: OpenJDK 64-Bit Server VM (25.112-b06 mixed mode windows-amd64 compressed oops)
Heap:
 PSYoungGen      total 315904K, used 161784K [0x00000000e0000000, 0x00000000f7e00000, 0x0000000100000000)
  eden space 287232K, 51% used [0x00000000e0000000,0x00000000e9010210,0x00000000f1880000)
  from space 28672K, 49% used [0x00000000f1880000,0x00000000f266e0a8,0x00000000f3480000)
  to   space 27648K, 0% used [0x00000000f6300000,0x00000000f6300000,0x00000000f7e00000)
 ParOldGen       total 165888K, used 44755K [0x00000000a0000000, 0x00000000aa200000, 0x00000000e0000000)
  object space 165888K, 26% used [0x00000000a0000000,0x00000000a2bb4e90,0x00000000aa200000)
 Metaspace       used 72186K, capacity 75298K, committed 75520K, reserved 1114112K
  class space    used 9349K, capacity 9980K, committed 9984K, reserved 1048576K
GC Heap History (10 events):
Event: 14.693 GC heap before
{Heap before GC invocations=12 (full 3):
 PSYoungGen      total 210432K, used 20978K [0x00000000e0000000, 0x00000000f2400000, 0x0000000100000000)
  eden space 189440K, 0% used [0x00000000e0000000,0x00000000e0000000,0x00000000eb900000)
  from space 20992K, 99% used [0x00000000eb900000,0x00000000ecd7c990,0x00000000ecd80000)
  to   space 29184K, 0% used [0x00000000f0780000,0x00000000f0780000,0x00000000f2400000)
 ParOldGen       total 108032K, used 36346K [0x00000000a0000000, 0x00000000a6980000, 0x00000000e0000000)
  object space 108032K, 33% used [0x00000000a0000000,0x00000000a237e9a8,0x00000000a6980000)
 Metaspace       used 56704K, capacity 58974K, committed 59136K, reserved 1099776K
  class space    used 7625K, capacity 8090K, committed 8192K, reserved 1048576K
Event: 14.991 GC heap after
Heap after GC invocations=12 (full 3):
 PSYoungGen      total 210432K, used 0K [0x00000000e0000000, 0x00000000f2400000, 0x0000000100000000)
  eden space 189440K, 0% used [0x00000000e0000000,0x00000000e0000000,0x00000000eb900000)
  from space 20992K, 0% used [0x00000000eb900000,0x00000000eb900000,0x00000000ecd80000)
  to   space 29184K, 0% used [0x00000000f0780000,0x00000000f0780000,0x00000000f2400000)
 ParOldGen       total 165888K, used 44715K [0x00000000a0000000, 0x00000000aa200000, 0x00000000e0000000)
  object space 165888K, 26% used [0x00000000a0000000,0x00000000a2baae90,0x00000000aa200000)
 Metaspace       used 56704K, capacity 58974K, committed 59136K, reserved 1099776K
  class space    used 7625K, capacity 8090K, committed 8192K, reserved 1048576K
}
Event: 21.387 GC heap before
{Heap before GC invocations=13 (full 3):
 PSYoungGen      total 210432K, used 189440K [0x00000000e0000000, 0x00000000f2400000, 0x0000000100000000)
  eden space 189440K, 100% used [0x00000000e0000000,0x00000000eb900000,0x00000000eb900000)
  from space 20992K, 0% used [0x00000000eb900000,0x00000000eb900000,0x00000000ecd80000)
  to   space 29184K, 0% used [0x00000000f0780000,0x00000000f0780000,0x00000000f2400000)
 ParOldGen       total 165888K, used 44715K [0x00000000a0000000, 0x00000000aa200000, 0x00000000e0000000)
  object space 165888K, 26% used [0x00000000a0000000,0x00000000a2baae90,0x00000000aa200000)
 Metaspace       used 61402K, capacity 63854K, committed 64000K, reserved 1103872K
  class space    used 8156K, capacity 8682K, committed 8704K, reserved 1048576K
Event: 21.565 GC heap after
Heap after GC invocations=13 (full 3):
 PSYoungGen      total 265728K, used 11515K [0x00000000e0000000, 0x00000000f2080000, 0x0000000100000000)
  eden space 240128K, 0% used [0x00000000e0000000,0x00000000e0000000,0x00000000eea80000)
  from space 25600K, 44% used [0x00000000f0780000,0x00000000f12bef08,0x00000000f2080000)
  to   space 27648K, 0% used [0x00000000eea80000,0x00000000eea80000,0x00000000f0580000)
 ParOldGen       total 165888K, used 44723K [0x00000000a0000000, 0x00000000aa200000, 0x00000000e0000000)
  object space 165888K, 26% used [0x00000000a0000000,0x00000000a2bace90,0x00000000aa200000)
 Metaspace       used 61402K, capacity 63854K, committed 64000K, reserved 1103872K
  class space    used 8156K, capacity 8682K, committed 8704K, reserved 1048576K
}
Event: 2850.580 GC heap before
{Heap before GC invocations=14 (full 3):
 PSYoungGen      total 265728K, used 251643K [0x00000000e0000000, 0x00000000f2080000, 0x0000000100000000)
  eden space 240128K, 100% used [0x00000000e0000000,0x00000000eea80000,0x00000000eea80000)
  from space 25600K, 44% used [0x00000000f0780000,0x00000000f12bef08,0x00000000f2080000)
  to   space 27648K, 0% used [0x00000000eea80000,0x00000000eea80000,0x00000000f0580000)
 ParOldGen       total 165888K, used 44723K [0x00000000a0000000, 0x00000000aa200000, 0x00000000e0000000)
  object space 165888K, 26% used [0x00000000a0000000,0x00000000a2bace90,0x00000000aa200000)
 Metaspace       used 61714K, capacity 64186K, committed 64256K, reserved 1105920K
  class space    used 8163K, capacity 8684K, committed 8704K, reserved 1048576K
Event: 2850.618 GC heap after
Heap after GC invocations=14 (full 3):
 PSYoungGen      total 267776K, used 23751K [0x00000000e0000000, 0x00000000f5a80000, 0x0000000100000000)
  eden space 240128K, 0% used [0x00000000e0000000,0x00000000e0000000,0x00000000eea80000)
  from space 27648K, 85% used [0x00000000eea80000,0x00000000f01b1f28,0x00000000f0580000)
  to   space 30208K, 0% used [0x00000000f3d00000,0x00000000f3d00000,0x00000000f5a80000)
 ParOldGen       total 165888K, used 44731K [0x00000000a0000000, 0x00000000aa200000, 0x00000000e0000000)
  object space 165888K, 26% used [0x00000000a0000000,0x00000000a2baee90,0x00000000aa200000)
 Metaspace       used 61714K, capacity 64186K, committed 64256K, reserved 1105920K
  class space    used 8163K, capacity 8684K, committed 8704K, reserved 1048576K
}
Event: 2859.447 GC heap before
{Heap before GC invocations=15 (full 3):
 PSYoungGen      total 267776K, used 263879K [0x00000000e0000000, 0x00000000f5a80000, 0x0000000100000000)
  eden space 240128K, 100% used [0x00000000e0000000,0x00000000eea80000,0x00000000eea80000)
  from space 27648K, 85% used [0x00000000eea80000,0x00000000f01b1f28,0x00000000f0580000)
  to   space 30208K, 0% used [0x00000000f3d00000,0x00000000f3d00000,0x00000000f5a80000)
 ParOldGen       total 165888K, used 44731K [0x00000000a0000000, 0x00000000aa200000, 0x00000000e0000000)
  object space 165888K, 26% used [0x00000000a0000000,0x00000000a2baee90,0x00000000aa200000)
 Metaspace       used 68075K, capacity 70878K, committed 70912K, reserved 1110016K
  class space    used 8895K, capacity 9458K, committed 9472K, reserved 1048576K
Event: 2859.478 GC heap after
Heap after GC invocations=15 (full 3):
 PSYoungGen      total 307200K, used 13611K [0x00000000e0000000, 0x00000000f5080000, 0x0000000100000000)
  eden space 287232K, 0% used [0x00000000e0000000,0x00000000e0000000,0x00000000f1880000)
  from space 19968K, 68% used [0x00000000f3d00000,0x00000000f4a4ade8,0x00000000f5080000)
  to   space 28672K, 0% used [0x00000000f1880000,0x00000000f1880000,0x00000000f3480000)
 ParOldGen       total 165888K, used 44747K [0x00000000a0000000, 0x00000000aa200000, 0x00000000e0000000)
  object space 165888K, 26% used [0x00000000a0000000,0x00000000a2bb2e90,0x00000000aa200000)
 Metaspace       used 68075K, capacity 70878K, committed 70912K, reserved 1110016K
  class space    used 8895K, capacity 9458K, committed 9472K, reserved 1048576K
}
Event: 2862.548 GC heap before
{Heap before GC invocations=16 (full 3):
 PSYoungGen      total 307200K, used 300195K [0x00000000e0000000, 0x00000000f5080000, 0x0000000100000000)
  eden space 287232K, 99% used [0x00000000e0000000,0x00000000f17de198,0x00000000f1880000)
  from space 19968K, 68% used [0x00000000f3d00000,0x00000000f4a4ade8,0x00000000f5080000)
  to   space 28672K, 0% used [0x00000000f1880000,0x00000000f1880000,0x00000000f3480000)
 ParOldGen       total 165888K, used 44747K [0x00000000a0000000, 0x00000000aa200000, 0x00000000e0000000)
  object space 165888K, 26% used [0x00000000a0000000,0x00000000a2bb2e90,0x00000000aa200000)
 Metaspace       used 68929K, capacity 71984K, committed 72192K, reserved 1112064K
  class space    used 9025K, capacity 9609K, committed 9728K, reserved 1048576K
Event: 2862.560 GC heap after
Heap after GC invocations=16 (full 3):
 PSYoungGen      total 315904K, used 14264K [0x00000000e0000000, 0x00000000f7e00000, 0x0000000100000000)
  eden space 287232K, 0% used [0x00000000e0000000,0x00000000e0000000,0x00000000f1880000)
  from space 28672K, 49% used [0x00000000f1880000,0x00000000f266e0a8,0x00000000f3480000)
  to   space 27648K, 0% used [0x00000000f6300000,0x00000000f6300000,0x00000000f7e00000)
 ParOldGen       total 165888K, used 44755K [0x00000000a0000000, 0x00000000aa200000, 0x00000000e0000000)
  object space 165888K, 26% used [0x00000000a0000000,0x00000000a2bb4e90,0x00000000aa200000)
 Metaspace       used 68929K, capacity 71984K, committed 72192K, reserved 1112064K
  class space    used 9025K, capacity 9609K, committed 9728K, reserved 1048576K
}

